<?xml version="1.0" encoding="UTF-8"?>
<testsuite xmlns:xsi="http://www.w3.org/2001/XMLSchema-instance" xsi:noNamespaceSchemaLocation="https://maven.apache.org/surefire/maven-surefire-plugin/xsd/surefire-test-report-3.0.xsd" version="3.0" name="TestSuite" time="117.544" tests="62" errors="0" skipped="49" failures="13">
  <properties>
    <property name="gopherProxySet" value="false"/>
    <property name="awt.toolkit" value="sun.lwawt.macosx.LWCToolkit"/>
    <property name="java.specification.version" value="11"/>
    <property name="webdriver.chrome.driver" value="../Generic/BrowserDriver/mac/chromedriver"/>
    <property name="sun.cpu.isalist" value=""/>
    <property name="sun.jnu.encoding" value="UTF-8"/>
    <property name="java.class.path" value="/Users/athmanechebili/IdeaProjects/Bootcamp_We_Morning2020-Team4/T-Mobile/target/test-classes:/Users/athmanechebili/IdeaProjects/Bootcamp_We_Morning2020-Team4/T-Mobile/target/classes:/Users/athmanechebili/.m2/repository/qa/com/Generic/1.0-SNAPSHOT/Generic-1.0-SNAPSHOT.jar:/Users/athmanechebili/.m2/repository/org/seleniumhq/selenium/selenium-java/3.141.59/selenium-java-3.141.59.jar:/Users/athmanechebili/.m2/repository/org/seleniumhq/selenium/selenium-api/3.141.59/selenium-api-3.141.59.jar:/Users/athmanechebili/.m2/repository/org/seleniumhq/selenium/selenium-chrome-driver/3.141.59/selenium-chrome-driver-3.141.59.jar:/Users/athmanechebili/.m2/repository/org/seleniumhq/selenium/selenium-edge-driver/3.141.59/selenium-edge-driver-3.141.59.jar:/Users/athmanechebili/.m2/repository/org/seleniumhq/selenium/selenium-firefox-driver/3.141.59/selenium-firefox-driver-3.141.59.jar:/Users/athmanechebili/.m2/repository/org/seleniumhq/selenium/selenium-ie-driver/3.141.59/selenium-ie-driver-3.141.59.jar:/Users/athmanechebili/.m2/repository/org/seleniumhq/selenium/selenium-opera-driver/3.141.59/selenium-opera-driver-3.141.59.jar:/Users/athmanechebili/.m2/repository/org/seleniumhq/selenium/selenium-remote-driver/3.141.59/selenium-remote-driver-3.141.59.jar:/Users/athmanechebili/.m2/repository/org/seleniumhq/selenium/selenium-safari-driver/3.141.59/selenium-safari-driver-3.141.59.jar:/Users/athmanechebili/.m2/repository/org/seleniumhq/selenium/selenium-support/3.141.59/selenium-support-3.141.59.jar:/Users/athmanechebili/.m2/repository/net/bytebuddy/byte-buddy/1.8.15/byte-buddy-1.8.15.jar:/Users/athmanechebili/.m2/repository/org/apache/commons/commons-exec/1.3/commons-exec-1.3.jar:/Users/athmanechebili/.m2/repository/com/google/guava/guava/25.0-jre/guava-25.0-jre.jar:/Users/athmanechebili/.m2/repository/com/google/code/findbugs/jsr305/1.3.9/jsr305-1.3.9.jar:/Users/athmanechebili/.m2/repository/org/checkerframework/checker-compat-qual/2.0.0/checker-compat-qual-2.0.0.jar:/Users/athmanechebili/.m2/repository/com/google/errorprone/error_prone_annotations/2.1.3/error_prone_annotations-2.1.3.jar:/Users/athmanechebili/.m2/repository/com/google/j2objc/j2objc-annotations/1.1/j2objc-annotations-1.1.jar:/Users/athmanechebili/.m2/repository/org/codehaus/mojo/animal-sniffer-annotations/1.14/animal-sniffer-annotations-1.14.jar:/Users/athmanechebili/.m2/repository/com/squareup/okhttp3/okhttp/3.11.0/okhttp-3.11.0.jar:/Users/athmanechebili/.m2/repository/com/squareup/okio/okio/1.14.0/okio-1.14.0.jar:/Users/athmanechebili/.m2/repository/org/seleniumhq/selenium/selenium-server/3.141.59/selenium-server-3.141.59.jar:/Users/athmanechebili/.m2/repository/com/beust/jcommander/1.72/jcommander-1.72.jar:/Users/athmanechebili/.m2/repository/net/jcip/jcip-annotations/1.0/jcip-annotations-1.0.jar:/Users/athmanechebili/.m2/repository/org/seleniumhq/selenium/jetty-repacked/9.4.12.v20180830/jetty-repacked-9.4.12.v20180830.jar:/Users/athmanechebili/.m2/repository/javax/servlet/javax.servlet-api/3.1.0/javax.servlet-api-3.1.0.jar:/Users/athmanechebili/.m2/repository/org/yaml/snakeyaml/1.19/snakeyaml-1.19.jar:/Users/athmanechebili/.m2/repository/org/testng/testng/7.1.0/testng-7.1.0.jar:/Users/athmanechebili/.m2/repository/com/google/inject/guice/4.1.0/guice-4.1.0-no_aop.jar:/Users/athmanechebili/.m2/repository/javax/inject/javax.inject/1/javax.inject-1.jar:/Users/athmanechebili/.m2/repository/aopalliance/aopalliance/1.0/aopalliance-1.0.jar:/Users/athmanechebili/.m2/repository/org/mongodb/mongo-java-driver/3.6.0-beta1/mongo-java-driver-3.6.0-beta1.jar:/Users/athmanechebili/.m2/repository/mysql/mysql-connector-java/8.0.17/mysql-connector-java-8.0.17.jar:/Users/athmanechebili/.m2/repository/com/google/protobuf/protobuf-java/3.6.1/protobuf-java-3.6.1.jar:/Users/athmanechebili/.m2/repository/org/apache/poi/poi/3.17/poi-3.17.jar:/Users/athmanechebili/.m2/repository/commons-codec/commons-codec/1.10/commons-codec-1.10.jar:/Users/athmanechebili/.m2/repository/org/apache/commons/commons-collections4/4.1/commons-collections4-4.1.jar:/Users/athmanechebili/.m2/repository/org/apache/poi/poi-ooxml/3.17/poi-ooxml-3.17.jar:/Users/athmanechebili/.m2/repository/org/apache/poi/poi-ooxml-schemas/3.17/poi-ooxml-schemas-3.17.jar:/Users/athmanechebili/.m2/repository/org/apache/xmlbeans/xmlbeans/2.6.0/xmlbeans-2.6.0.jar:/Users/athmanechebili/.m2/repository/stax/stax-api/1.0.1/stax-api-1.0.1.jar:/Users/athmanechebili/.m2/repository/com/github/virtuald/curvesapi/1.04/curvesapi-1.04.jar:/Users/athmanechebili/.m2/repository/com/aventstack/extentreports/4.0.9/extentreports-4.0.9.jar:/Users/athmanechebili/.m2/repository/org/freemarker/freemarker/2.3.23/freemarker-2.3.23.jar:/Users/athmanechebili/.m2/repository/org/mongodb/mongodb-driver/3.3.0/mongodb-driver-3.3.0.jar:/Users/athmanechebili/.m2/repository/org/mongodb/mongodb-driver-core/3.3.0/mongodb-driver-core-3.3.0.jar:/Users/athmanechebili/.m2/repository/org/mongodb/bson/3.3.0/bson-3.3.0.jar:/Users/athmanechebili/.m2/repository/org/apache/httpcomponents/httpclient/4.5.2/httpclient-4.5.2.jar:/Users/athmanechebili/.m2/repository/org/apache/httpcomponents/httpcore/4.4.4/httpcore-4.4.4.jar:/Users/athmanechebili/.m2/repository/org/apache/httpcomponents/httpmime/4.5.2/httpmime-4.5.2.jar:/Users/athmanechebili/.m2/repository/com/google/code/gson/gson/2.8.5/gson-2.8.5.jar:/Users/athmanechebili/.m2/repository/com/relevantcodes/extentreports/2.41.2/extentreports-2.41.2.jar:/Users/athmanechebili/.m2/repository/org/xerial/sqlite-jdbc/3.8.11.1/sqlite-jdbc-3.8.11.1.jar:/Users/athmanechebili/.m2/repository/org/apache/commons/commons-lang3/3.0/commons-lang3-3.0.jar:/Users/athmanechebili/.m2/repository/commons-io/commons-io/2.5/commons-io-2.5.jar:/Users/athmanechebili/.m2/repository/junit/junit/4.13/junit-4.13.jar:/Users/athmanechebili/.m2/repository/org/hamcrest/hamcrest-core/2.2/hamcrest-core-2.2.jar:/Users/athmanechebili/.m2/repository/org/hamcrest/hamcrest/2.2/hamcrest-2.2.jar:/Users/athmanechebili/.m2/repository/io/cucumber/cucumber-junit/5.7.0/cucumber-junit-5.7.0.jar:/Users/athmanechebili/.m2/repository/org/apiguardian/apiguardian-api/1.1.0/apiguardian-api-1.1.0.jar:/Users/athmanechebili/.m2/repository/io/cucumber/cucumber-core/5.7.0/cucumber-core-5.7.0.jar:/Users/athmanechebili/.m2/repository/io/cucumber/cucumber-gherkin/5.7.0/cucumber-gherkin-5.7.0.jar:/Users/athmanechebili/.m2/repository/io/cucumber/cucumber-gherkin-vintage/5.7.0/cucumber-gherkin-vintage-5.7.0.jar:/Users/athmanechebili/.m2/repository/io/cucumber/tag-expressions/2.0.4/tag-expressions-2.0.4.jar:/Users/athmanechebili/.m2/repository/io/cucumber/cucumber-expressions/8.3.1/cucumber-expressions-8.3.1.jar:/Users/athmanechebili/.m2/repository/io/cucumber/datatable/3.3.1/datatable-3.3.1.jar:/Users/athmanechebili/.m2/repository/io/cucumber/cucumber-plugin/5.7.0/cucumber-plugin-5.7.0.jar:/Users/athmanechebili/.m2/repository/io/cucumber/docstring/5.7.0/docstring-5.7.0.jar:/Users/athmanechebili/.m2/repository/io/cucumber/cucumber-java/5.7.0/cucumber-java-5.7.0.jar:/Users/athmanechebili/.m2/repository/net/masterthought/cucumber-reporting/5.3.0/cucumber-reporting-5.3.0.jar:/Users/athmanechebili/.m2/repository/com/fasterxml/jackson/core/jackson-databind/2.10.1/jackson-databind-2.10.1.jar:/Users/athmanechebili/.m2/repository/com/fasterxml/jackson/core/jackson-annotations/2.10.1/jackson-annotations-2.10.1.jar:/Users/athmanechebili/.m2/repository/com/fasterxml/jackson/core/jackson-core/2.10.1/jackson-core-2.10.1.jar:/Users/athmanechebili/.m2/repository/com/fasterxml/jackson/datatype/jackson-datatype-jsr310/2.10.1/jackson-datatype-jsr310-2.10.1.jar:/Users/athmanechebili/.m2/repository/org/apache/velocity/velocity-engine-core/2.1/velocity-engine-core-2.1.jar:/Users/athmanechebili/.m2/repository/org/slf4j/slf4j-api/1.7.26/slf4j-api-1.7.26.jar:/Users/athmanechebili/.m2/repository/commons-collections/commons-collections/3.2.2/commons-collections-3.2.2.jar:/Users/athmanechebili/.m2/repository/joda-time/joda-time/2.10.5/joda-time-2.10.5.jar:/Users/athmanechebili/.m2/repository/org/codehaus/plexus/plexus-utils/3.3.0/plexus-utils-3.3.0.jar:/Users/athmanechebili/.m2/repository/org/jsoup/jsoup/1.12.1/jsoup-1.12.1.jar:/Users/athmanechebili/.m2/repository/com/googlecode/owasp-java-html-sanitizer/owasp-java-html-sanitizer/20191001.1/owasp-java-html-sanitizer-20191001.1.jar:/Users/athmanechebili/.m2/repository/commons-configuration/commons-configuration/1.10/commons-configuration-1.10.jar:/Users/athmanechebili/.m2/repository/commons-lang/commons-lang/2.6/commons-lang-2.6.jar:/Users/athmanechebili/.m2/repository/commons-logging/commons-logging/1.1.1/commons-logging-1.1.1.jar:/Users/athmanechebili/.m2/repository/com/qa/TripAdvisor/1.0-SNAPSHOT/TripAdvisor-1.0-SNAPSHOT.jar:/Users/athmanechebili/.m2/repository/io/cucumber/cucumber-testng/5.1.3/cucumber-testng-5.1.3.jar:"/>
    <property name="java.vm.vendor" value="Oracle Corporation"/>
    <property name="sun.arch.data.model" value="64"/>
    <property name="java.vendor.url" value="http://java.oracle.com/"/>
    <property name="user.timezone" value="America/New_York"/>
    <property name="java.vm.specification.version" value="11"/>
    <property name="os.name" value="Mac OS X"/>
    <property name="sun.java.launcher" value="SUN_STANDARD"/>
    <property name="user.country" value="US"/>
    <property name="sun.boot.library.path" value="/Library/Java/JavaVirtualMachines/jdk-11.0.6.jdk/Contents/Home/lib"/>
    <property name="sun.java.command" value="/Users/athmanechebili/IdeaProjects/Bootcamp_We_Morning2020-Team4/T-Mobile/target/surefire/surefirebooter13105462882186122969.jar /Users/athmanechebili/IdeaProjects/Bootcamp_We_Morning2020-Team4/T-Mobile/target/surefire 2020-06-27T23-49-37_937-jvmRun1 surefire3271165903407586802tmp surefire_011347670538064034984tmp"/>
    <property name="http.nonProxyHosts" value="local|*.local|169.254/16|*.169.254/16"/>
    <property name="jdk.debug" value="release"/>
    <property name="surefire.test.class.path" value="/Users/athmanechebili/IdeaProjects/Bootcamp_We_Morning2020-Team4/T-Mobile/target/test-classes:/Users/athmanechebili/IdeaProjects/Bootcamp_We_Morning2020-Team4/T-Mobile/target/classes:/Users/athmanechebili/.m2/repository/qa/com/Generic/1.0-SNAPSHOT/Generic-1.0-SNAPSHOT.jar:/Users/athmanechebili/.m2/repository/org/seleniumhq/selenium/selenium-java/3.141.59/selenium-java-3.141.59.jar:/Users/athmanechebili/.m2/repository/org/seleniumhq/selenium/selenium-api/3.141.59/selenium-api-3.141.59.jar:/Users/athmanechebili/.m2/repository/org/seleniumhq/selenium/selenium-chrome-driver/3.141.59/selenium-chrome-driver-3.141.59.jar:/Users/athmanechebili/.m2/repository/org/seleniumhq/selenium/selenium-edge-driver/3.141.59/selenium-edge-driver-3.141.59.jar:/Users/athmanechebili/.m2/repository/org/seleniumhq/selenium/selenium-firefox-driver/3.141.59/selenium-firefox-driver-3.141.59.jar:/Users/athmanechebili/.m2/repository/org/seleniumhq/selenium/selenium-ie-driver/3.141.59/selenium-ie-driver-3.141.59.jar:/Users/athmanechebili/.m2/repository/org/seleniumhq/selenium/selenium-opera-driver/3.141.59/selenium-opera-driver-3.141.59.jar:/Users/athmanechebili/.m2/repository/org/seleniumhq/selenium/selenium-remote-driver/3.141.59/selenium-remote-driver-3.141.59.jar:/Users/athmanechebili/.m2/repository/org/seleniumhq/selenium/selenium-safari-driver/3.141.59/selenium-safari-driver-3.141.59.jar:/Users/athmanechebili/.m2/repository/org/seleniumhq/selenium/selenium-support/3.141.59/selenium-support-3.141.59.jar:/Users/athmanechebili/.m2/repository/net/bytebuddy/byte-buddy/1.8.15/byte-buddy-1.8.15.jar:/Users/athmanechebili/.m2/repository/org/apache/commons/commons-exec/1.3/commons-exec-1.3.jar:/Users/athmanechebili/.m2/repository/com/google/guava/guava/25.0-jre/guava-25.0-jre.jar:/Users/athmanechebili/.m2/repository/com/google/code/findbugs/jsr305/1.3.9/jsr305-1.3.9.jar:/Users/athmanechebili/.m2/repository/org/checkerframework/checker-compat-qual/2.0.0/checker-compat-qual-2.0.0.jar:/Users/athmanechebili/.m2/repository/com/google/errorprone/error_prone_annotations/2.1.3/error_prone_annotations-2.1.3.jar:/Users/athmanechebili/.m2/repository/com/google/j2objc/j2objc-annotations/1.1/j2objc-annotations-1.1.jar:/Users/athmanechebili/.m2/repository/org/codehaus/mojo/animal-sniffer-annotations/1.14/animal-sniffer-annotations-1.14.jar:/Users/athmanechebili/.m2/repository/com/squareup/okhttp3/okhttp/3.11.0/okhttp-3.11.0.jar:/Users/athmanechebili/.m2/repository/com/squareup/okio/okio/1.14.0/okio-1.14.0.jar:/Users/athmanechebili/.m2/repository/org/seleniumhq/selenium/selenium-server/3.141.59/selenium-server-3.141.59.jar:/Users/athmanechebili/.m2/repository/com/beust/jcommander/1.72/jcommander-1.72.jar:/Users/athmanechebili/.m2/repository/net/jcip/jcip-annotations/1.0/jcip-annotations-1.0.jar:/Users/athmanechebili/.m2/repository/org/seleniumhq/selenium/jetty-repacked/9.4.12.v20180830/jetty-repacked-9.4.12.v20180830.jar:/Users/athmanechebili/.m2/repository/javax/servlet/javax.servlet-api/3.1.0/javax.servlet-api-3.1.0.jar:/Users/athmanechebili/.m2/repository/org/yaml/snakeyaml/1.19/snakeyaml-1.19.jar:/Users/athmanechebili/.m2/repository/org/testng/testng/7.1.0/testng-7.1.0.jar:/Users/athmanechebili/.m2/repository/com/google/inject/guice/4.1.0/guice-4.1.0-no_aop.jar:/Users/athmanechebili/.m2/repository/javax/inject/javax.inject/1/javax.inject-1.jar:/Users/athmanechebili/.m2/repository/aopalliance/aopalliance/1.0/aopalliance-1.0.jar:/Users/athmanechebili/.m2/repository/org/mongodb/mongo-java-driver/3.6.0-beta1/mongo-java-driver-3.6.0-beta1.jar:/Users/athmanechebili/.m2/repository/mysql/mysql-connector-java/8.0.17/mysql-connector-java-8.0.17.jar:/Users/athmanechebili/.m2/repository/com/google/protobuf/protobuf-java/3.6.1/protobuf-java-3.6.1.jar:/Users/athmanechebili/.m2/repository/org/apache/poi/poi/3.17/poi-3.17.jar:/Users/athmanechebili/.m2/repository/commons-codec/commons-codec/1.10/commons-codec-1.10.jar:/Users/athmanechebili/.m2/repository/org/apache/commons/commons-collections4/4.1/commons-collections4-4.1.jar:/Users/athmanechebili/.m2/repository/org/apache/poi/poi-ooxml/3.17/poi-ooxml-3.17.jar:/Users/athmanechebili/.m2/repository/org/apache/poi/poi-ooxml-schemas/3.17/poi-ooxml-schemas-3.17.jar:/Users/athmanechebili/.m2/repository/org/apache/xmlbeans/xmlbeans/2.6.0/xmlbeans-2.6.0.jar:/Users/athmanechebili/.m2/repository/stax/stax-api/1.0.1/stax-api-1.0.1.jar:/Users/athmanechebili/.m2/repository/com/github/virtuald/curvesapi/1.04/curvesapi-1.04.jar:/Users/athmanechebili/.m2/repository/com/aventstack/extentreports/4.0.9/extentreports-4.0.9.jar:/Users/athmanechebili/.m2/repository/org/freemarker/freemarker/2.3.23/freemarker-2.3.23.jar:/Users/athmanechebili/.m2/repository/org/mongodb/mongodb-driver/3.3.0/mongodb-driver-3.3.0.jar:/Users/athmanechebili/.m2/repository/org/mongodb/mongodb-driver-core/3.3.0/mongodb-driver-core-3.3.0.jar:/Users/athmanechebili/.m2/repository/org/mongodb/bson/3.3.0/bson-3.3.0.jar:/Users/athmanechebili/.m2/repository/org/apache/httpcomponents/httpclient/4.5.2/httpclient-4.5.2.jar:/Users/athmanechebili/.m2/repository/org/apache/httpcomponents/httpcore/4.4.4/httpcore-4.4.4.jar:/Users/athmanechebili/.m2/repository/org/apache/httpcomponents/httpmime/4.5.2/httpmime-4.5.2.jar:/Users/athmanechebili/.m2/repository/com/google/code/gson/gson/2.8.5/gson-2.8.5.jar:/Users/athmanechebili/.m2/repository/com/relevantcodes/extentreports/2.41.2/extentreports-2.41.2.jar:/Users/athmanechebili/.m2/repository/org/xerial/sqlite-jdbc/3.8.11.1/sqlite-jdbc-3.8.11.1.jar:/Users/athmanechebili/.m2/repository/org/apache/commons/commons-lang3/3.0/commons-lang3-3.0.jar:/Users/athmanechebili/.m2/repository/commons-io/commons-io/2.5/commons-io-2.5.jar:/Users/athmanechebili/.m2/repository/junit/junit/4.13/junit-4.13.jar:/Users/athmanechebili/.m2/repository/org/hamcrest/hamcrest-core/2.2/hamcrest-core-2.2.jar:/Users/athmanechebili/.m2/repository/org/hamcrest/hamcrest/2.2/hamcrest-2.2.jar:/Users/athmanechebili/.m2/repository/io/cucumber/cucumber-junit/5.7.0/cucumber-junit-5.7.0.jar:/Users/athmanechebili/.m2/repository/org/apiguardian/apiguardian-api/1.1.0/apiguardian-api-1.1.0.jar:/Users/athmanechebili/.m2/repository/io/cucumber/cucumber-core/5.7.0/cucumber-core-5.7.0.jar:/Users/athmanechebili/.m2/repository/io/cucumber/cucumber-gherkin/5.7.0/cucumber-gherkin-5.7.0.jar:/Users/athmanechebili/.m2/repository/io/cucumber/cucumber-gherkin-vintage/5.7.0/cucumber-gherkin-vintage-5.7.0.jar:/Users/athmanechebili/.m2/repository/io/cucumber/tag-expressions/2.0.4/tag-expressions-2.0.4.jar:/Users/athmanechebili/.m2/repository/io/cucumber/cucumber-expressions/8.3.1/cucumber-expressions-8.3.1.jar:/Users/athmanechebili/.m2/repository/io/cucumber/datatable/3.3.1/datatable-3.3.1.jar:/Users/athmanechebili/.m2/repository/io/cucumber/cucumber-plugin/5.7.0/cucumber-plugin-5.7.0.jar:/Users/athmanechebili/.m2/repository/io/cucumber/docstring/5.7.0/docstring-5.7.0.jar:/Users/athmanechebili/.m2/repository/io/cucumber/cucumber-java/5.7.0/cucumber-java-5.7.0.jar:/Users/athmanechebili/.m2/repository/net/masterthought/cucumber-reporting/5.3.0/cucumber-reporting-5.3.0.jar:/Users/athmanechebili/.m2/repository/com/fasterxml/jackson/core/jackson-databind/2.10.1/jackson-databind-2.10.1.jar:/Users/athmanechebili/.m2/repository/com/fasterxml/jackson/core/jackson-annotations/2.10.1/jackson-annotations-2.10.1.jar:/Users/athmanechebili/.m2/repository/com/fasterxml/jackson/core/jackson-core/2.10.1/jackson-core-2.10.1.jar:/Users/athmanechebili/.m2/repository/com/fasterxml/jackson/datatype/jackson-datatype-jsr310/2.10.1/jackson-datatype-jsr310-2.10.1.jar:/Users/athmanechebili/.m2/repository/org/apache/velocity/velocity-engine-core/2.1/velocity-engine-core-2.1.jar:/Users/athmanechebili/.m2/repository/org/slf4j/slf4j-api/1.7.26/slf4j-api-1.7.26.jar:/Users/athmanechebili/.m2/repository/commons-collections/commons-collections/3.2.2/commons-collections-3.2.2.jar:/Users/athmanechebili/.m2/repository/joda-time/joda-time/2.10.5/joda-time-2.10.5.jar:/Users/athmanechebili/.m2/repository/org/codehaus/plexus/plexus-utils/3.3.0/plexus-utils-3.3.0.jar:/Users/athmanechebili/.m2/repository/org/jsoup/jsoup/1.12.1/jsoup-1.12.1.jar:/Users/athmanechebili/.m2/repository/com/googlecode/owasp-java-html-sanitizer/owasp-java-html-sanitizer/20191001.1/owasp-java-html-sanitizer-20191001.1.jar:/Users/athmanechebili/.m2/repository/commons-configuration/commons-configuration/1.10/commons-configuration-1.10.jar:/Users/athmanechebili/.m2/repository/commons-lang/commons-lang/2.6/commons-lang-2.6.jar:/Users/athmanechebili/.m2/repository/commons-logging/commons-logging/1.1.1/commons-logging-1.1.1.jar:/Users/athmanechebili/.m2/repository/com/qa/TripAdvisor/1.0-SNAPSHOT/TripAdvisor-1.0-SNAPSHOT.jar:/Users/athmanechebili/.m2/repository/io/cucumber/cucumber-testng/5.1.3/cucumber-testng-5.1.3.jar:"/>
    <property name="sun.cpu.endian" value="little"/>
    <property name="user.home" value="/Users/athmanechebili"/>
    <property name="user.language" value="en"/>
    <property name="java.specification.vendor" value="Oracle Corporation"/>
    <property name="java.version.date" value="2020-01-14"/>
    <property name="java.home" value="/Library/Java/JavaVirtualMachines/jdk-11.0.6.jdk/Contents/Home"/>
    <property name="file.separator" value="/"/>
    <property name="basedir" value="/Users/athmanechebili/IdeaProjects/Bootcamp_We_Morning2020-Team4/T-Mobile"/>
    <property name="java.vm.compressedOopsMode" value="Zero based"/>
    <property name="line.separator" value="&#10;"/>
    <property name="java.specification.name" value="Java Platform API Specification"/>
    <property name="java.vm.specification.vendor" value="Oracle Corporation"/>
    <property name="java.awt.graphicsenv" value="sun.awt.CGraphicsEnvironment"/>
    <property name="idea.version2020.1.1" value="true"/>
    <property name="surefire.real.class.path" value="/Users/athmanechebili/IdeaProjects/Bootcamp_We_Morning2020-Team4/T-Mobile/target/surefire/surefirebooter13105462882186122969.jar"/>
    <property name="sun.management.compiler" value="HotSpot 64-Bit Tiered Compilers"/>
    <property name="ftp.nonProxyHosts" value="local|*.local|169.254/16|*.169.254/16"/>
    <property name="java.runtime.version" value="11.0.6+8-LTS"/>
    <property name="user.name" value="athmanechebili"/>
    <property name="path.separator" value=":"/>
    <property name="os.version" value="10.15.3"/>
    <property name="java.runtime.name" value="Java(TM) SE Runtime Environment"/>
    <property name="file.encoding" value="UTF-8"/>
    <property name="java.vm.name" value="Java HotSpot(TM) 64-Bit Server VM"/>
    <property name="java.vendor.version" value="18.9"/>
    <property name="localRepository" value="/Users/athmanechebili/.m2/repository"/>
    <property name="java.vendor.url.bug" value="http://bugreport.java.com/bugreport/"/>
    <property name="java.io.tmpdir" value="/var/folders/7q/3jq_sgn14qd73sjhcvcr5fk80000gn/T/"/>
    <property name="java.version" value="11.0.6"/>
    <property name="user.dir" value="/Users/athmanechebili/IdeaProjects/Bootcamp_We_Morning2020-Team4/T-Mobile"/>
    <property name="os.arch" value="x86_64"/>
    <property name="java.vm.specification.name" value="Java Virtual Machine Specification"/>
    <property name="java.awt.printerjob" value="sun.lwawt.macosx.CPrinterJob"/>
    <property name="sun.os.patch.level" value="unknown"/>
    <property name="java.library.path" value="/Users/athmanechebili/Library/Java/Extensions:/Library/Java/Extensions:/Network/Library/Java/Extensions:/System/Library/Java/Extensions:/usr/lib/java:."/>
    <property name="java.vendor" value="Oracle Corporation"/>
    <property name="java.vm.info" value="mixed mode"/>
    <property name="java.vm.version" value="11.0.6+8-LTS"/>
    <property name="sun.io.unicode.encoding" value="UnicodeBig"/>
    <property name="java.class.version" value="55.0"/>
    <property name="socksNonProxyHosts" value="local|*.local|169.254/16|*.169.254/16"/>
  </properties>
  <testcase name="extentSetup" classname="hometest.HomePageTest" time="0.49">
    <failure type="java.lang.NullPointerException"><![CDATA[java.lang.NullPointerException
]]></failure>
    <system-out><![CDATA[Extent Report Directory/Users/athmanechebili/IdeaProjects/Bootcamp_We_Morning2020-Team4/T-Mobile/target/surefire-reports/testng-native-results/html
]]></system-out>
    <system-err><![CDATA[[Fatal Error] :42:24: Premature end of file.
org.xml.sax.SAXParseException; lineNumber: 42; columnNumber: 24; Premature end of file.
	at java.xml/com.sun.org.apache.xerces.internal.parsers.DOMParser.parse(DOMParser.java:261)
	at java.xml/com.sun.org.apache.xerces.internal.jaxp.DocumentBuilderImpl.parse(DocumentBuilderImpl.java:339)
	at java.xml/javax.xml.parsers.DocumentBuilder.parse(DocumentBuilder.java:122)
	at com.relevantcodes.extentreports.Configuration.getConfigurationMap(Configuration.java:38)
	at com.relevantcodes.extentreports.Report.loadConfig(Report.java:474)
	at com.relevantcodes.extentreports.ExtentReports.loadConfig(ExtentReports.java:481)
	at reporting.ExtentManager.getInstance(ExtentManager.java:27)
	at common.WebAPI.extentSetup(WebAPI.java:47)
	at java.base/jdk.internal.reflect.NativeMethodAccessorImpl.invoke0(Native Method)
	at java.base/jdk.internal.reflect.NativeMethodAccessorImpl.invoke(NativeMethodAccessorImpl.java:62)
	at java.base/jdk.internal.reflect.DelegatingMethodAccessorImpl.invoke(DelegatingMethodAccessorImpl.java:43)
	at java.base/java.lang.reflect.Method.invoke(Method.java:566)
	at org.testng.internal.MethodInvocationHelper.invokeMethod(MethodInvocationHelper.java:134)
	at org.testng.internal.MethodInvocationHelper.invokeMethodConsideringTimeout(MethodInvocationHelper.java:63)
	at org.testng.internal.ConfigInvoker.invokeConfigurationMethod(ConfigInvoker.java:348)
	at org.testng.internal.ConfigInvoker.invokeConfigurations(ConfigInvoker.java:302)
	at org.testng.SuiteRunner.privateRun(SuiteRunner.java:327)
	at org.testng.SuiteRunner.run(SuiteRunner.java:286)
	at org.testng.SuiteRunnerWorker.runSuite(SuiteRunnerWorker.java:53)
	at org.testng.SuiteRunnerWorker.run(SuiteRunnerWorker.java:96)
	at org.testng.TestNG.runSuitesSequentially(TestNG.java:1187)
	at org.testng.TestNG.runSuitesLocally(TestNG.java:1109)
	at org.testng.TestNG.runSuites(TestNG.java:1039)
	at org.testng.TestNG.run(TestNG.java:1007)
	at org.apache.maven.surefire.testng.TestNGExecutor.run(TestNGExecutor.java:135)
	at org.apache.maven.surefire.testng.TestNGDirectoryTestSuite.executeMulti(TestNGDirectoryTestSuite.java:193)
	at org.apache.maven.surefire.testng.TestNGDirectoryTestSuite.execute(TestNGDirectoryTestSuite.java:94)
	at org.apache.maven.surefire.testng.TestNGProvider.invoke(TestNGProvider.java:146)
	at org.apache.maven.surefire.booter.ForkedBooter.runSuitesInProcess(ForkedBooter.java:377)
	at org.apache.maven.surefire.booter.ForkedBooter.execute(ForkedBooter.java:138)
	at org.apache.maven.surefire.booter.ForkedBooter.run(ForkedBooter.java:465)
	at org.apache.maven.surefire.booter.ForkedBooter.main(ForkedBooter.java:451)
]]></system-err>
  </testcase>
  <testcase name="setUp" classname="hometest.HomePageTest" time="0">
    <skipped/>
  </testcase>
  <testcase name="setUp" classname="hometest.HomePageTest" time="0">
    <skipped/>
  </testcase>
  <testcase name="setUp" classname="hometest.HomePageTest" time="0">
    <skipped/>
  </testcase>
  <testcase name="setUp" classname="hometest.HomePageTest" time="0">
    <skipped/>
  </testcase>
  <testcase name="setUp" classname="hometest.HomePageTest" time="0">
    <skipped/>
  </testcase>
  <testcase name="setUp" classname="hometest.HomePageTest" time="0">
    <skipped/>
  </testcase>
  <testcase name="setUp" classname="hometest.HomePageTest" time="0">
    <skipped/>
  </testcase>
  <testcase name="setUp" classname="hometest.HomePageTest" time="0">
    <skipped/>
  </testcase>
  <testcase name="setUp" classname="hometest.HomePageTest" time="0">
    <skipped/>
  </testcase>
  <testcase name="setUp" classname="hometest.HomePageTest" time="0">
    <skipped/>
  </testcase>
  <testcase name="setUp" classname="hometest.HomePageTest" time="0">
    <skipped/>
  </testcase>
  <testcase name="setUp" classname="hometest.HomePageTest" time="0">
    <skipped/>
  </testcase>
  <testcase name="startExtent" classname="hometest.HomePageTest" time="0">
    <skipped/>
  </testcase>
  <testcase name="startExtent" classname="hometest.HomePageTest" time="0">
    <skipped/>
  </testcase>
  <testcase name="startExtent" classname="hometest.HomePageTest" time="0">
    <skipped/>
  </testcase>
  <testcase name="startExtent" classname="hometest.HomePageTest" time="0">
    <skipped/>
  </testcase>
  <testcase name="startExtent" classname="hometest.HomePageTest" time="0">
    <skipped/>
  </testcase>
  <testcase name="startExtent" classname="hometest.HomePageTest" time="0">
    <skipped/>
  </testcase>
  <testcase name="startExtent" classname="hometest.HomePageTest" time="0">
    <skipped/>
  </testcase>
  <testcase name="startExtent" classname="hometest.HomePageTest" time="0">
    <skipped/>
  </testcase>
  <testcase name="startExtent" classname="hometest.HomePageTest" time="0">
    <skipped/>
  </testcase>
  <testcase name="startExtent" classname="hometest.HomePageTest" time="0">
    <skipped/>
  </testcase>
  <testcase name="startExtent" classname="hometest.HomePageTest" time="0">
    <skipped/>
  </testcase>
  <testcase name="startExtent" classname="hometest.HomePageTest" time="0">
    <skipped/>
  </testcase>
  <testcase name="PlansMouseHover" classname="hometest.HomePageTest" time="0">
    <skipped/>
  </testcase>
  <testcase name="afterEachTestMethod" classname="hometest.HomePageTest" time="0">
    <skipped/>
  </testcase>
  <testcase name="afterEachTestMethod" classname="hometest.HomePageTest" time="0">
    <skipped/>
  </testcase>
  <testcase name="afterEachTestMethod" classname="hometest.HomePageTest" time="0">
    <skipped/>
  </testcase>
  <testcase name="afterEachTestMethod" classname="hometest.HomePageTest" time="0">
    <skipped/>
  </testcase>
  <testcase name="afterEachTestMethod" classname="hometest.HomePageTest" time="0">
    <skipped/>
  </testcase>
  <testcase name="afterEachTestMethod" classname="hometest.HomePageTest" time="0">
    <skipped/>
  </testcase>
  <testcase name="afterEachTestMethod" classname="hometest.HomePageTest" time="0">
    <skipped/>
  </testcase>
  <testcase name="afterEachTestMethod" classname="hometest.HomePageTest" time="0">
    <skipped/>
  </testcase>
  <testcase name="afterEachTestMethod" classname="hometest.HomePageTest" time="0">
    <skipped/>
  </testcase>
  <testcase name="afterEachTestMethod" classname="hometest.HomePageTest" time="0">
    <skipped/>
  </testcase>
  <testcase name="afterEachTestMethod" classname="hometest.HomePageTest" time="0">
    <skipped/>
  </testcase>
  <testcase name="afterEachTestMethod" classname="hometest.HomePageTest" time="0">
    <skipped/>
  </testcase>
  <testcase name="cleanUp" classname="hometest.HomePageTest" time="0.002">
    <failure type="java.lang.NullPointerException"><![CDATA[java.lang.NullPointerException
]]></failure>
  </testcase>
  <testcase name="cleanUp" classname="hometest.HomePageTest" time="0.001">
    <failure type="java.lang.NullPointerException"><![CDATA[java.lang.NullPointerException
]]></failure>
  </testcase>
  <testcase name="cleanUp" classname="hometest.HomePageTest" time="0.001">
    <failure type="java.lang.NullPointerException"><![CDATA[java.lang.NullPointerException
]]></failure>
  </testcase>
  <testcase name="cleanUp" classname="hometest.HomePageTest" time="0">
    <failure type="java.lang.NullPointerException"><![CDATA[java.lang.NullPointerException
]]></failure>
  </testcase>
  <testcase name="cleanUp" classname="hometest.HomePageTest" time="0.001">
    <failure type="java.lang.NullPointerException"><![CDATA[java.lang.NullPointerException
]]></failure>
  </testcase>
  <testcase name="cleanUp" classname="hometest.HomePageTest" time="0.001">
    <failure type="java.lang.NullPointerException"><![CDATA[java.lang.NullPointerException
]]></failure>
  </testcase>
  <testcase name="cleanUp" classname="hometest.HomePageTest" time="0.001">
    <failure type="java.lang.NullPointerException"><![CDATA[java.lang.NullPointerException
]]></failure>
  </testcase>
  <testcase name="cleanUp" classname="hometest.HomePageTest" time="0.001">
    <failure type="java.lang.NullPointerException"><![CDATA[java.lang.NullPointerException
]]></failure>
  </testcase>
  <testcase name="cleanUp" classname="hometest.HomePageTest" time="0">
    <failure type="java.lang.NullPointerException"><![CDATA[java.lang.NullPointerException
]]></failure>
  </testcase>
  <testcase name="cleanUp" classname="hometest.HomePageTest" time="0.001">
    <failure type="java.lang.NullPointerException"><![CDATA[java.lang.NullPointerException
]]></failure>
  </testcase>
  <testcase name="cleanUp" classname="hometest.HomePageTest" time="0.001">
    <failure type="java.lang.NullPointerException"><![CDATA[java.lang.NullPointerException
]]></failure>
  </testcase>
  <testcase name="cleanUp" classname="hometest.HomePageTest" time="0.001">
    <failure type="java.lang.NullPointerException"><![CDATA[java.lang.NullPointerException
]]></failure>
  </testcase>
  <testcase name="seeSupport" classname="hometest.HomePageTest" time="0">
    <skipped/>
  </testcase>
  <testcase name="seeDevices" classname="hometest.HomePageTest" time="0">
    <skipped/>
  </testcase>
  <testcase name="seeDeals" classname="hometest.HomePageTest" time="0">
    <skipped/>
  </testcase>
  <testcase name="seeCoverage" classname="hometest.HomePageTest" time="0">
    <skipped/>
  </testcase>
  <testcase name="seeBenefits" classname="hometest.HomePageTest" time="0">
    <skipped/>
  </testcase>
  <testcase name="seeCompare" classname="hometest.HomePageTest" time="0">
    <skipped/>
  </testcase>
  <testcase name="accountLog" classname="hometest.HomePageTest" time="0">
    <skipped/>
  </testcase>
  <testcase name="findStoreTest" classname="hometest.HomePageTest" time="0">
    <skipped/>
  </testcase>
  <testcase name="shoPhones" classname="hometest.HomePageTest" time="0">
    <skipped/>
  </testcase>
  <testcase name="statementRead" classname="hometest.HomePageTest" time="0">
    <skipped/>
  </testcase>
  <testcase name="seeplans" classname="hometest.HomePageTest" time="0">
    <skipped/>
  </testcase>
  <testcase name="generateReport" classname="hometest.HomePageTest" time="0">
    <skipped/>
  </testcase>
</testsuite>